<?xml version="1.0" encoding="UTF-8"?>
<!-- Generated by org.testng.reporters.JUnitReportReporter -->
<testsuite hostname="CND1166CNH" failures="0" tests="1" name="AutomationTesting.Test.Waitcommand" time="24.294" errors="0" timestamp="2022-01-27T12:09:10 IST" skipped="0">
  <testcase classname="AutomationTesting.Test.Waitcommand" name="go" time="24.294"/>
  <system-out/>
</testsuite> <!-- AutomationTesting.Test.Waitcommand -->
