<?xml version="1.0" encoding="UTF-8"?>
<!-- Generated by org.testng.reporters.JUnitReportReporter -->
<testsuite skipped="0" hostname="CND1166CNH" name="AutomationTesting.Test.Totalprice" tests="1" failures="0" timestamp="2022-03-09T18:53:15 IST" time="11.782" errors="0">
  <testcase name="verifysearch" time="11.782" classname="AutomationTesting.Test.Totalprice"/>
  <system-out>
    <![CDATA[iPhone]]>
  </system-out>
</testsuite> <!-- AutomationTesting.Test.Totalprice -->
