<?xml version="1.0" encoding="UTF-8"?>
<!-- Generated by org.testng.reporters.JUnitReportReporter -->
<testsuite hostname="CND1166CNH" failures="0" tests="5" name="NewTest.Test2" time="61.333" errors="0" timestamp="2022-01-25T12:20:01 IST" skipped="0">
  <testcase classname="NewTest.Test2" name="frame" time="5.794"/>
  <system-out/>
  <testcase classname="NewTest.Test2" name="printlink" time="3.468"/>
  <system-out/>
  <testcase classname="NewTest.Test2" name="form" time="34.506"/>
  <system-out/>
  <testcase classname="NewTest.Test2" name="mouse" time="8.232"/>
  <system-out/>
  <testcase classname="NewTest.Test2" name="demoaction" time="9.333"/>
  <system-out/>
</testsuite> <!-- NewTest.Test2 -->
