<?xml version="1.0" encoding="UTF-8"?>
<!-- Generated by org.testng.reporters.JUnitReportReporter -->
<testsuite hostname="CND1166CNH" failures="0" tests="3" name="AutomationTesting.Test.Guru99Bank" time="54.278" errors="0" timestamp="2022-02-28T17:57:41 IST" skipped="0">
  <testcase classname="AutomationTesting.Test.Guru99Bank" name="validcred" time="16.579"/>
  <system-out>
    <![CDATA[Welcome To Manager's Page of Guru99 Bank]]>
  </system-out>
  <testcase classname="AutomationTesting.Test.Guru99Bank" name="titleverify" time="19.125"/>
  <system-out>
    <![CDATA[Guru99 Bank Manager HomePage]]>
  </system-out>
  <testcase classname="AutomationTesting.Test.Guru99Bank" name="invalidcred" time="18.574"/>
  <system-out/>
</testsuite> <!-- AutomationTesting.Test.Guru99Bank -->
