<?xml version="1.0" encoding="UTF-8"?>
<!-- Generated by org.testng.reporters.JUnitReportReporter -->
<testsuite skipped="0" hostname="CND1166CNH" name="AutomationTesting.Test.searchAndBuy" tests="1" failures="0" timestamp="2022-04-28T11:11:15 IST" time="19.356" errors="0">
  <testcase name="open" time="19.356" classname="AutomationTesting.Test.searchAndBuy"/>
  <system-out/>
</testsuite> <!-- AutomationTesting.Test.searchAndBuy -->
