<?xml version="1.0" encoding="UTF-8"?>
<!-- Generated by org.testng.reporters.JUnitReportReporter -->
<testsuite skipped="0" hostname="CND1166CNH" name="NewTest.FileUpload" tests="1" failures="0" timestamp="2022-03-11T17:00:52 IST" time="12.552" errors="0">
  <testcase name="go" time="12.552" classname="NewTest.FileUpload"/>
  <system-out/>
</testsuite> <!-- NewTest.FileUpload -->
