<?xml version="1.0" encoding="UTF-8"?>
<!-- Generated by org.testng.reporters.JUnitReportReporter -->
<testsuite skipped="0" hostname="CND1166CNH" name="AutomationTesting.Test.AssignmentFilpkart" tests="1" failures="0" timestamp="2022-03-31T12:49:59 IST" time="14.492" errors="0">
  <testcase name="openflipkart" time="14.492" classname="AutomationTesting.Test.AssignmentFilpkart"/>
  <system-out>
    <![CDATA[page nevigated
search results displayed
high product price is: 14999product name is: realme 80 cm (32 inch) HD Ready LED Smart Android TV
lowest product price is: 14999product name is: realme 80 cm (32 inch) HD Ready LED Smart Android TV
high product price is: 16999product name is: SAMSUNG 80 cm (32 inch) HD Ready LED Smart TV
lowest product price is: 14999product name is: realme 80 cm (32 inch) HD Ready LED Smart Android TV
high product price is: 27999product name is: realme 108 cm (43 inch) Ultra HD (4K) LED Smart Android TV with Handsfree Voice Search and Dolby Visio...
lowest product price is: 14999product name is: realme 80 cm (32 inch) HD Ready LED Smart Android TV
high product price is: 27999product name is: realme 108 cm (43 inch) Ultra HD (4K) LED Smart Android TV with Handsfree Voice Search and Dolby Visio...
lowest product price is: 10999product name is: Thomson 9A Series 80 cm (32 inch) HD Ready LED Smart Android TV
high product price is: 27999product name is: realme 108 cm (43 inch) Ultra HD (4K) LED Smart Android TV with Handsfree Voice Search and Dolby Visio...
lowest product price is: 10999product name is: Thomson 9A Series 80 cm (32 inch) HD Ready LED Smart Android TV
high product price is: 27999product name is: realme 108 cm (43 inch) Ultra HD (4K) LED Smart Android TV with Handsfree Voice Search and Dolby Visio...
lowest product price is: 8999product name is: Adsun 80 cm (32 inch) HD Ready LED Smart TV
high product price is: 27999product name is: realme 108 cm (43 inch) Ultra HD (4K) LED Smart Android TV with Handsfree Voice Search and Dolby Visio...
lowest product price is: 8999product name is: Adsun 80 cm (32 inch) HD Ready LED Smart TV
high product price is: 27999product name is: realme 108 cm (43 inch) Ultra HD (4K) LED Smart Android TV with Handsfree Voice Search and Dolby Visio...
lowest product price is: 8999product name is: Adsun 80 cm (32 inch) HD Ready LED Smart TV
high product price is: 27999product name is: realme 108 cm (43 inch) Ultra HD (4K) LED Smart Android TV with Handsfree Voice Search and Dolby Visio...
lowest product price is: 8999product name is: MarQ By Flipkart 80 cm (32 inch) HD Ready LED TV
high product price is: 27999product name is: realme 108 cm (43 inch) Ultra HD (4K) LED Smart Android TV with Handsfree Voice Search and Dolby Visio...
lowest product price is: 8999product name is: MarQ By Flipkart 80 cm (32 inch) HD Ready LED TV
high product price is: 31999product name is: iFFALCON 139 cm (55 inch) Ultra HD (4K) LED Smart Android TV
lowest product price is: 8999product name is: MarQ By Flipkart 80 cm (32 inch) HD Ready LED TV
high product price is: 31999product name is: Mi 5X 108 cm (43 inch) Ultra HD (4K) LED Smart Android TV with Dolby Atmos and Dolby Vision
lowest product price is: 8999product name is: MarQ By Flipkart 80 cm (32 inch) HD Ready LED TV
high product price is: 31999product name is: Mi 5X 108 cm (43 inch) Ultra HD (4K) LED Smart Android TV with Dolby Atmos and Dolby Vision
lowest product price is: 8999product name is: MarQ By Flipkart 80 cm (32 inch) HD Ready LED TV
high product price is: 31999product name is: Mi 5X 108 cm (43 inch) Ultra HD (4K) LED Smart Android TV with Dolby Atmos and Dolby Vision
lowest product price is: 8999product name is: MarQ By Flipkart 80 cm (32 inch) HD Ready LED TV
high product price is: 31999product name is: Mi 5X 108 cm (43 inch) Ultra HD (4K) LED Smart Android TV with Dolby Atmos and Dolby Vision
lowest product price is: 8999product name is: MarQ By Flipkart 80 cm (32 inch) HD Ready LED TV
high product price is: 31999product name is: Mi 5X 108 cm (43 inch) Ultra HD (4K) LED Smart Android TV with Dolby Atmos and Dolby Vision
lowest product price is: 8999product name is: MarQ By Flipkart 80 cm (32 inch) HD Ready LED TV
high product price is: 31999product name is: Mi 5X 108 cm (43 inch) Ultra HD (4K) LED Smart Android TV with Dolby Atmos and Dolby Vision
lowest product price is: 8999product name is: MarQ By Flipkart 80 cm (32 inch) HD Ready LED TV
high product price is: 31999product name is: Mi 5X 108 cm (43 inch) Ultra HD (4K) LED Smart Android TV with Dolby Atmos and Dolby Vision
lowest product price is: 8999product name is: MarQ By Flipkart 80 cm (32 inch) HD Ready LED TV
high product price is: 31999product name is: Mi 5X 108 cm (43 inch) Ultra HD (4K) LED Smart Android TV with Dolby Atmos and Dolby Vision
lowest product price is: 8999product name is: MarQ By Flipkart 80 cm (32 inch) HD Ready LED TV
high product price is: 31999product name is: Mi 5X 108 cm (43 inch) Ultra HD (4K) LED Smart Android TV with Dolby Atmos and Dolby Vision
lowest product price is: 8999product name is: MarQ By Flipkart 80 cm (32 inch) HD Ready LED TV
high product price is: 31999product name is: Mi 5X 108 cm (43 inch) Ultra HD (4K) LED Smart Android TV with Dolby Atmos and Dolby Vision
lowest product price is: 8999product name is: MarQ By Flipkart 80 cm (32 inch) HD Ready LED TV
high product price is: 31999product name is: Mi 5X 108 cm (43 inch) Ultra HD (4K) LED Smart Android TV with Dolby Atmos and Dolby Vision
lowest product price is: 8999product name is: MarQ By Flipkart 80 cm (32 inch) HD Ready LED TV
high product price is: 31999product name is: Thomson OATHPRO Series 139 cm (55 inch) Ultra HD (4K) LED Smart Android TV with Dolby Digital Plus & D...
lowest product price is: 8999product name is: MarQ By Flipkart 80 cm (32 inch) HD Ready LED TV
high product price is: 34499product name is: LG 108 cm (43 inch) Ultra HD (4K) LED Smart TV
lowest product price is: 8999product name is: MarQ By Flipkart 80 cm (32 inch) HD Ready LED TV]]>
  </system-out>
</testsuite> <!-- AutomationTesting.Test.AssignmentFilpkart -->
