<?xml version="1.0" encoding="UTF-8"?>
<!-- Generated by org.testng.reporters.JUnitReportReporter -->
<testsuite hostname="CND1166CNH" failures="0" tests="1" name="NewTest.Calender" time="7.056" errors="0" timestamp="2022-03-01T12:42:53 IST" skipped="0">
  <testcase classname="NewTest.Calender" name="calenderselect" time="7.056"/>
  <system-out/>
</testsuite> <!-- NewTest.Calender -->
