<?xml version="1.0" encoding="UTF-8"?>
<!-- Generated by org.testng.reporters.JUnitReportReporter -->
<testsuite skipped="0" hostname="CND1166CNH" name="AutomationTesting.Test.Onlineshop" tests="1" failures="0" timestamp="2022-03-09T10:56:57 IST" time="28.487" errors="0">
  <testcase name="openweb" time="28.487" classname="AutomationTesting.Test.Onlineshop"/>
  <system-out/>
</testsuite> <!-- AutomationTesting.Test.Onlineshop -->
