<?xml version="1.0" encoding="UTF-8"?>
<!-- Generated by org.testng.reporters.JUnitReportReporter -->
<testsuite skipped="0" hostname="CND1166CNH" name="AutomationTesting.Test.shopping" tests="2" failures="0" timestamp="2022-04-20T17:01:34 IST" time="69.463" errors="0">
  <testcase name="buy" time="49.283" classname="AutomationTesting.Test.shopping"/>
  <system-out/>
  <testcase name="search" time="20.180" classname="AutomationTesting.Test.shopping"/>
  <system-out/>
</testsuite> <!-- AutomationTesting.Test.shopping -->
