<?xml version="1.0" encoding="UTF-8"?>
<!-- Generated by org.testng.reporters.JUnitReportReporter -->
<testsuite skipped="0" hostname="CND1166CNH" name="AutomationTesting.Test.Orangeauto" tests="1" failures="0" timestamp="2022-05-19T12:25:13 IST" time="19.001" errors="0">
  <testcase name="url" time="19.001" classname="AutomationTesting.Test.Orangeauto"/>
  <system-out/>
</testsuite> <!-- AutomationTesting.Test.Orangeauto -->
