<?xml version="1.0" encoding="UTF-8"?>
<!-- Generated by org.testng.reporters.JUnitReportReporter -->
<testsuite skipped="0" hostname="CND1166CNH" name="AutomationTesting.Test.WindowHandle" tests="1" failures="0" timestamp="2022-03-08T18:05:12 IST" time="10.691" errors="0">
  <testcase name="webdev" time="10.691" classname="AutomationTesting.Test.WindowHandle"/>
  <system-out/>
</testsuite> <!-- AutomationTesting.Test.WindowHandle -->
