<?xml version="1.0" encoding="UTF-8"?>
<!-- Generated by org.testng.reporters.JUnitReportReporter -->
<testsuite hostname="CND1166CNH" failures="0" tests="1" name="AutomationTesting.Test.Dbclick" time="6.934" errors="0" timestamp="2022-02-08T14:12:36 IST" skipped="0">
  <testcase classname="AutomationTesting.Test.Dbclick" name="dblclick" time="6.934"/>
  <system-out/>
</testsuite> <!-- AutomationTesting.Test.Dbclick -->
