<?xml version="1.0" encoding="UTF-8"?>
<!-- Generated by org.testng.reporters.JUnitReportReporter -->
<testsuite skipped="0" hostname="CND1166CNH" name="AutomationTesting.Test.dbtesting" tests="2" failures="0" timestamp="2022-04-22T17:39:35 IST" time="12.407" errors="0">
  <testcase name="sort" time="7.518" classname="AutomationTesting.Test.dbtesting"/>
  <system-out/>
  <testcase name="high" time="4.889" classname="AutomationTesting.Test.dbtesting"/>
  <system-out/>
</testsuite> <!-- AutomationTesting.Test.dbtesting -->
