<?xml version="1.0" encoding="UTF-8"?>
<!-- Generated by org.testng.reporters.JUnitReportReporter -->
<testsuite hostname="CND1166CNH" failures="0" tests="1" name="AutomationTesting.Test.Flipkart" time="7.275" errors="0" timestamp="2022-02-15T18:49:10 IST" skipped="0">
  <testcase classname="AutomationTesting.Test.Flipkart" name="gourl" time="7.275"/>
  <system-out/>
</testsuite> <!-- AutomationTesting.Test.Flipkart -->
