<?xml version="1.0" encoding="UTF-8"?>
<!-- Generated by org.testng.reporters.JUnitReportReporter -->
<testsuite skipped="0" hostname="CND1166CNH" name="AutomationTesting.Test.HotelBook" tests="3" failures="0" timestamp="2022-04-08T18:30:13 IST" time="59.502" errors="0">
  <testcase name="Flightbook" time="24.090" classname="AutomationTesting.Test.HotelBook"/>
  <system-out>
    <![CDATA[Thanks akshay kadam
Reservation Number: 1035-2324]]>
  </system-out>
  <testcase name="hotel" time="19.884" classname="AutomationTesting.Test.HotelBook"/>
  <system-out>
    <![CDATA[Thanks akshay kadam
Your booking for
Reservation Number: 5863-1129]]>
  </system-out>
  <testcase name="tour" time="15.528" classname="AutomationTesting.Test.HotelBook"/>
  <system-out/>
</testsuite> <!-- AutomationTesting.Test.HotelBook -->
