<?xml version="1.0" encoding="UTF-8"?>
<!-- Generated by org.testng.reporters.JUnitReportReporter -->
<testsuite hostname="CND1166CNH" failures="0" tests="1" name="NewTest.Saucelabs" time="41.132" errors="0" timestamp="2022-03-02T13:07:36 IST" skipped="0">
  <testcase classname="NewTest.Saucelabs" name="trans" time="41.132"/>
  <system-out/>
</testsuite> <!-- NewTest.Saucelabs -->
