<?xml version="1.0" encoding="UTF-8"?>
<!-- Generated by org.testng.reporters.JUnitReportReporter -->
<testsuite skipped="0" hostname="CND1166CNH" name="AutomationTesting.Test.TotalPricechange" tests="1" failures="0" timestamp="2022-03-31T11:20:19 IST" time="45.079" errors="0">
  <testcase name="opensite" time="45.079" classname="AutomationTesting.Test.TotalPricechange"/>
  <system-out>
    <![CDATA[$18.51
$35.02]]>
  </system-out>
</testsuite> <!-- AutomationTesting.Test.TotalPricechange -->
