<?xml version="1.0" encoding="UTF-8"?>
<!-- Generated by org.testng.reporters.JUnitReportReporter -->
<testsuite skipped="0" hostname="CND1166CNH" name="NewTest.Fileuploadform" tests="1" failures="0" timestamp="2022-03-11T17:05:35 IST" time="32.722" errors="0">
  <testcase name="go" time="32.722" classname="NewTest.Fileuploadform"/>
  <system-out/>
</testsuite> <!-- NewTest.Fileuploadform -->
