<?xml version="1.0" encoding="UTF-8"?>
<!-- Generated by org.testng.reporters.JUnitReportReporter -->
<testsuite skipped="0" hostname="CND1166CNH" name="AutomationTesting.Test.SearchResultVerifyTest" tests="1" failures="0" timestamp="26 Apr 2022 12:18:02 GMT" time="28.408" errors="0">
  <testcase name="url" time="28.408" classname="AutomationTesting.Test.SearchResultVerifyTest"/>
</testsuite> <!-- AutomationTesting.Test.SearchResultVerifyTest -->
